C51 COMPILER V9.53.0.0   DESPERATE_FIREFLY_MAIN                                            12/01/2017 13:26:04 PAGE 1   


C51 COMPILER V9.53.0.0, COMPILATION OF MODULE DESPERATE_FIREFLY_MAIN
OBJECT MODULE PLACED IN .\src\desperate_firefly_main.OBJ
COMPILER INVOKED BY: c:\SiliconLabs\SimplicityStudio\v4\developer\toolchains\keil_8051\9.53\BIN\C51.exe C:\Users\Jacques
                    -\SimplicityStudio\v4_workspace\desperate_firefly\src\desperate_firefly_main.c OMF2 SMALL DEBUG OBJECTEXTEND ROM(LARGE) W
                    -ARNINGLEVEL(2) FLOATFUZZY(3) OPTIMIZE(8,SPEED) DEFINE(DEBUG=1) INTVECTOR(0X0000) INTPROMOTE INCDIR(C:\Users\Jacques\Simp
                    -licityStudio\v4_workspace\desperate_firefly\inc;C:/SiliconLabs/SimplicityStudio/v4/developer/sdks/8051/v4.0.8//Device/sh
                    -ared/si8051base;C:/SiliconLabs/SimplicityStudio/v4/developer/sdks/8051/v4.0.8//Device/EFM8BB1/inc) PRINT(.\src\desperate
                    -_firefly_main.lst) COND PAGEWIDTH(120) PAGELENGTH(65) OBJECT(.\src\desperate_firefly_main.OBJ)

line level    source

   1          //=========================================================
   2          // src/desperate_firefly_main.c: generated by Hardware Configurator
   3          //
   4          // This file will be updated when saving a document.
   5          // leave the sections inside the "$[...]" comment tags alone
   6          // or they will be overwritten!!
   7          //=========================================================
   8          
   9          //-----------------------------------------------------------------------------
  10          // Includes
  11          //-----------------------------------------------------------------------------
  12          #include <SI_EFM8BB1_Register_Enums.h>                  // SFR declarations
  13          #include "InitDevice.h"
  14          // $[Generated Includes]
  15          // [Generated Includes]$
  16          
  17          //-----------------------------------------------------------------------------
  18          // SiLabs_Startup() Routine
  19          // ----------------------------------------------------------------------------
  20          // This function is called immediately after reset, before the initialization
  21          // code is run in SILABS_STARTUP.A51 (which runs before main() ). This is a
  22          // useful place to disable the watchdog timer, which is enable by default
  23          // and may trigger before main() in some instances.
  24          //-----------------------------------------------------------------------------
  25          void SiLabs_Startup (void)
  26          {
  27   1         WDTCN = 0xDE; //First key
  28   1         WDTCN = 0xAD; //Second key
  29   1      }
  30          
  31          const char sos[4]={0xab,0xbb,0xaa,0};
  32          
  33          //-----------------------------------------------------------------------------
  34          // main() Routine
  35          // ----------------------------------------------------------------------------
  36          int main (void)
  37          {
  38   1              short i,b,byte,ofs,c;
  39   1      
  40   1        // Call hardware initialization routine
  41   1        enter_DefaultMode_from_RESET();
  42   1      #define _nop() ("nop")
  43   1        
  44   1      PRTDRV=~(2); // Port 1 low drive
  45   1      P1MDOUT&=~(1<<3);
  46   1      XBR2=(3<<6);
  47   1      // slow down clock to its minimum frequency
  48   1      LFO0CN|=(1<<7);
  49   1      while ((LFO0CN&(1<<6))==0);
  50   1      CLKSEL=(4<<4)|2;
  51   1        b=0;
C51 COMPILER V9.53.0.0   DESPERATE_FIREFLY_MAIN                                            12/01/2017 13:26:04 PAGE 2   

  52   1        while (1) 
  53   1        {
  54   2              byte=b/8;
  55   2              ofs=7-b%8;
  56   2              c=sos[byte]&(1<<ofs);
  57   2          b++;
  58   2          if (b==28) b=0;
  59   2              if (c)
  60   2                      P1&=~(1<<3); // port 1 pin 3 latch low LED ON
  61   2              else
  62   2                      P1|=(1<<3); // port 1 pin 3 latch high  LED OFF
  63   2        }                             
  64   1      }
*** WARNING C280 IN LINE 38 OF C:\Users\Jacques\SimplicityStudio\v4_workspace\desperate_firefly\src\desperate_firefly_ma
             -in.c: 'i': unreferenced local variable


MODULE INFORMATION:   STATIC OVERLAYABLE
   CODE SIZE        =    125    ----
   CONSTANT SIZE    =   ----    ----
   XDATA SIZE       =   ----    ----
   PDATA SIZE       =   ----    ----
   DATA SIZE        =      4       4
   IDATA SIZE       =   ----    ----
   BIT SIZE         =   ----    ----
   EDATA SIZE       =   ----    ----
   HDATA SIZE       =   ----    ----
   XDATA CONST SIZE =   ----    ----
   FAR CONST SIZE   =   ----    ----
END OF MODULE INFORMATION.


C51 COMPILATION COMPLETE.  1 WARNING(S),  0 ERROR(S)
