C51 COMPILER V9.53.0.0   INITDEVICE                                                        12/01/2017 10:40:08 PAGE 1   


C51 COMPILER V9.53.0.0, COMPILATION OF MODULE INITDEVICE
OBJECT MODULE PLACED IN .\src\InitDevice.OBJ
COMPILER INVOKED BY: c:\SiliconLabs\SimplicityStudio\v4\developer\toolchains\keil_8051\9.53\BIN\C51.exe C:\Users\Jacques
                    -\SimplicityStudio\v4_workspace\desperate_firefly\src\InitDevice.c OMF2 SMALL DEBUG OBJECTEXTEND ROM(LARGE) WARNINGLEVEL(
                    -2) FLOATFUZZY(3) OPTIMIZE(8,SPEED) DEFINE(DEBUG=1) INTVECTOR(0X0000) INTPROMOTE INCDIR(C:\Users\Jacques\SimplicityStudio
                    -\v4_workspace\desperate_firefly\inc;C:/SiliconLabs/SimplicityStudio/v4/developer/sdks/8051/v4.0.8//Device/shared/si8051b
                    -ase;C:/SiliconLabs/SimplicityStudio/v4/developer/sdks/8051/v4.0.8//Device/EFM8BB1/inc) PRINT(.\src\InitDevice.lst) COND 
                    -PAGEWIDTH(120) PAGELENGTH(65) OBJECT(.\src\InitDevice.OBJ)

line level    source

   1          //=========================================================
   2          // src/InitDevice.c: generated by Hardware Configurator
   3          //
   4          // This file will be regenerated when saving a document.
   5          // leave the sections inside the "$[...]" comment tags alone
   6          // or they will be overwritten!
   7          //=========================================================
   8          
   9          // USER INCLUDES
  10          #include <SI_EFM8BB1_Register_Enums.h>
  11          #include "InitDevice.h"
  12          
  13          // USER PROTOTYPES
  14          // USER FUNCTIONS
  15          
  16          // $[Library Includes]
  17          // [Library Includes]$
  18          
  19          //==============================================================================
  20          // enter_DefaultMode_from_RESET
  21          //==============================================================================
  22          extern void enter_DefaultMode_from_RESET(void) {
  23   1              // $[Config Calls]
  24   1              PORTS_1_enter_DefaultMode_from_RESET();
  25   1              PBCFG_0_enter_DefaultMode_from_RESET();
  26   1              // [Config Calls]$
  27   1      
  28   1      }
  29          
  30          extern void PORTS_1_enter_DefaultMode_from_RESET(void) {
  31   1              // $[P1 - Port 1 Pin Latch]
  32   1              // [P1 - Port 1 Pin Latch]$
  33   1      
  34   1              // $[P1MDOUT - Port 1 Output Mode]
  35   1              // [P1MDOUT - Port 1 Output Mode]$
  36   1      
  37   1              // $[P1MDIN - Port 1 Input Mode]
  38   1              // [P1MDIN - Port 1 Input Mode]$
  39   1      
  40   1              // $[P1SKIP - Port 1 Skip]
  41   1              /***********************************************************************
  42   1               - P1.0 pin is not skipped by the crossbar
  43   1               - P1.1 pin is not skipped by the crossbar
  44   1               - P1.2 pin is not skipped by the crossbar
  45   1               - P1.3 pin is skipped by the crossbar
  46   1               ***********************************************************************/
  47   1              P1SKIP = P1SKIP_B0__NOT_SKIPPED | P1SKIP_B1__NOT_SKIPPED
  48   1                              | P1SKIP_B2__NOT_SKIPPED | P1SKIP_B3__SKIPPED;
  49   1              // [P1SKIP - Port 1 Skip]$
  50   1      
  51   1              // $[P1MASK - Port 1 Mask]
C51 COMPILER V9.53.0.0   INITDEVICE                                                        12/01/2017 10:40:08 PAGE 2   

  52   1              // [P1MASK - Port 1 Mask]$
  53   1      
  54   1              // $[P1MAT - Port 1 Match]
  55   1              // [P1MAT - Port 1 Match]$
  56   1      
  57   1      }
  58          
  59          extern void PBCFG_0_enter_DefaultMode_from_RESET(void) {
  60   1              // $[XBR2 - Port I/O Crossbar 2]
  61   1              // [XBR2 - Port I/O Crossbar 2]$
  62   1      
  63   1              // $[PRTDRV - Port Drive Strength]
  64   1              // [PRTDRV - Port Drive Strength]$
  65   1      
  66   1              // $[XBR0 - Port I/O Crossbar 0]
  67   1              // [XBR0 - Port I/O Crossbar 0]$
  68   1      
  69   1              // $[XBR1 - Port I/O Crossbar 1]
  70   1              // [XBR1 - Port I/O Crossbar 1]$
  71   1      
  72   1      }
  73          


MODULE INFORMATION:   STATIC OVERLAYABLE
   CODE SIZE        =     11    ----
   CONSTANT SIZE    =   ----    ----
   XDATA SIZE       =   ----    ----
   PDATA SIZE       =   ----    ----
   DATA SIZE        =   ----    ----
   IDATA SIZE       =   ----    ----
   BIT SIZE         =   ----    ----
   EDATA SIZE       =   ----    ----
   HDATA SIZE       =   ----    ----
   XDATA CONST SIZE =   ----    ----
   FAR CONST SIZE   =   ----    ----
END OF MODULE INFORMATION.


C51 COMPILATION COMPLETE.  0 WARNING(S),  0 ERROR(S)
