MPASM 5.71             DESPERATE_FIREFLY.ASM   12-16-2017  15:39:56         PAGE  1


LOC  OBJECT CODE     LINE SOURCE TEXT
  VALUE

                      00001     include "P10F200.INC"
                      00001         LIST
                      00002 
                      00003 ;==========================================================================
                      00004 ; Build date : Nov 17 2016
                      00005 ;  MPASM PIC10F200 processor include
                      00006 ; 
                      00007 ;  (c) Copyright 1999-2016 Microchip Technology, All rights reserved
                      00008 ;==========================================================================
                      00009 
                      00152         LIST
                      00002     
                      00003 
                      00004     
  0004                00005     constant LED=(1<<GP2)    
  0016                00006     constant FLAG=16
                      00007     code 
                      00008     org 0
0000   0783           00009     btfss STATUS,NOT_TO
0001   0A??           00010     goto next_bit
                      00011 ; hardware init
0002   0C88           00012     movlw (1<<NOT_GPWU)|(1<<PSA)|0
0003   0002           00013     OPTION
0004   0CFB           00014     movlw ~LED
0005   0006           00015     TRIS  GPIO
                      00016     
0006                  00017 next_bit:
0006   0C04           00018     movlw LED   
0007   01A6           00019     xorwf GPIO,F
0008   0000           00020     nop
0009   0003           00021     sleep
                      00022     
                      00023     end
MPASM 5.71             DESPERATE_FIREFLY.ASM   12-16-2017  15:39:56         PAGE  2


SYMBOL TABLE
  LABEL                             VALUE 

C                                 00000000
CAL0                              00000001
CAL1                              00000002
CAL2                              00000003
CAL3                              00000004
CAL4                              00000005
CAL5                              00000006
CAL6                              00000007
DC                                00000001
F                                 00000001
FLAG                              00000016
FOSC4                             00000000
FSR                               00000004
GP0                               00000000
GP1                               00000001
GP2                               00000002
GP3                               00000003
GPIO                              00000006
GPWUF                             00000007
INDF                              00000000
LED                               00000004
NOT_GPPU                          00000006
NOT_GPWU                          00000007
NOT_PD                            00000003
NOT_TO                            00000004
OSCCAL                            00000005
PCL                               00000002
PS0                               00000000
PS1                               00000001
PS2                               00000002
PSA                               00000003
STATUS                            00000003
T0CS                              00000005
T0SE                              00000004
TMR0                              00000001
TRISIO0                           00000000
TRISIO1                           00000001
TRISIO2                           00000002
TRISIO3                           00000003
W                                 00000000
Z                                 00000002
_CONFIG                           00000FFF
_CP_OFF                           00000FFF
_CP_ON                            00000FF7
_IDLOC0                           00000100
_IDLOC1                           00000101
_IDLOC2                           00000102
_IDLOC3                           00000103
_IntRC_OSC                        00000FFF
_MCLRE_OFF                        00000FEF
_MCLRE_ON                         00000FFF
_OSC_IntRC                        00000FFF
_WDTE_OFF                         00000FFB
MPASM 5.71             DESPERATE_FIREFLY.ASM   12-16-2017  15:39:56         PAGE  3


SYMBOL TABLE
  LABEL                             VALUE 

_WDTE_ON                          00000FFF
_WDT_OFF                          00000FFB
_WDT_ON                           00000FFF
__10F200                          00000001
__DEBUG                           
__MPLAB_DEBUGGER_SIMULATOR        1
next_bit                          00000006

Errors   :     0
Warnings :     0 reported,     0 suppressed
Messages :     0 reported,     0 suppressed

