C51 COMPILER V9.53.0.0   INTERRUPTS                                                        12/16/2017 14:07:15 PAGE 1   


C51 COMPILER V9.53.0.0, COMPILATION OF MODULE INTERRUPTS
OBJECT MODULE PLACED IN .\src\Interrupts.OBJ
COMPILER INVOKED BY: c:\SiliconLabs\SimplicityStudio\v4\developer\toolchains\keil_8051\9.53\BIN\C51.exe C:\Users\Jacques
                    -\SimplicityStudio\v4_workspace\desperate_firefly\src\Interrupts.c OMF2 SMALL DEBUG OBJECTEXTEND ROM(LARGE) WARNINGLEVEL(
                    -2) FLOATFUZZY(3) OPTIMIZE(9,SPEED) DEFINE(NDEBUG=1) INTVECTOR(0X0000) INTPROMOTE INCDIR(C:\Users\Jacques\SimplicityStudi
                    -o\v4_workspace\desperate_firefly\inc;C:/SiliconLabs/SimplicityStudio/v4/developer/sdks/8051/v4.1.0//Device/shared/si8051
                    -base;C:/SiliconLabs/SimplicityStudio/v4/developer/sdks/8051/v4.1.0//Device/EFM8BB1/inc) REGFILE(desperate_firefly.ORC) P
                    -RINT(.\src\Interrupts.lst) COND CODE PAGEWIDTH(120) PAGELENGTH(65) OBJECT(.\src\Interrupts.OBJ)

line level    source

   1          //=========================================================
   2          // src/Interrupts.c: generated by Hardware Configurator
   3          //
   4          // This file will be regenerated when saving a document.
   5          // leave the sections inside the "$[...]" comment tags alone
   6          // or they will be overwritten!
   7          //=========================================================
   8          
   9          // USER INCLUDES
  10          #include <SI_EFM8BB1_Register_Enums.h>
  11          
  12          //-----------------------------------------------------------------------------
  13          // TIMER0_ISR
  14          //-----------------------------------------------------------------------------
  15          //
  16          // TIMER0 ISR Content goes here. Remember to clear flag bits:
  17          // TCON::TF0 (Timer 0 Overflow Flag)
  18          //
  19          //-----------------------------------------------------------------------------
  20          SI_INTERRUPT (TIMER0_ISR, TIMER0_IRQn)
  21          {
  22   1              TCON&=~TCON_TF0__BMASK;
  23   1              TL0=0x2f;
  24   1              TH0=0xf8;
  25   1      }
  26          
C51 COMPILER V9.53.0.0   INTERRUPTS                                                        12/16/2017 14:07:15 PAGE 2   

ASSEMBLY LISTING OF GENERATED OBJECT CODE


             ; FUNCTION TIMER0_ISR (BEGIN)
                                           ; SOURCE LINE # 20
                                           ; SOURCE LINE # 22
0000 5388DF            ANL     TCON,#0DFH
                                           ; SOURCE LINE # 23
0003 758A2F            MOV     TL0,#02FH
                                           ; SOURCE LINE # 24
0006 758CF8            MOV     TH0,#0F8H
                                           ; SOURCE LINE # 25
0009 32                RETI    
             ; FUNCTION TIMER0_ISR (END)



MODULE INFORMATION:   STATIC OVERLAYABLE
   CODE SIZE        =     13    ----
   CONSTANT SIZE    =   ----    ----
   XDATA SIZE       =   ----    ----
   PDATA SIZE       =   ----    ----
   DATA SIZE        =   ----    ----
   IDATA SIZE       =   ----    ----
   BIT SIZE         =   ----    ----
   EDATA SIZE       =   ----    ----
   HDATA SIZE       =   ----    ----
   XDATA CONST SIZE =   ----    ----
   FAR CONST SIZE   =   ----    ----
END OF MODULE INFORMATION.


C51 COMPILATION COMPLETE.  0 WARNING(S),  0 ERROR(S)
